<?xml version="1.0" encoding="UTF-8"?>
<testsuite xmlns:xsi="http://www.w3.org/2001/XMLSchema-instance" xsi:noNamespaceSchemaLocation="https://maven.apache.org/surefire/maven-surefire-plugin/xsd/surefire-test-report-3.0.xsd" version="3.0" name="com.app.service.user.ActivateTest" time="2.609" tests="4" errors="0" skipped="0" failures="0">
  <properties>
[...]
</properties>
  <testcase name="test1" classname="com.app.service.user.ActivateTest" time="2.444"/>
  <testcase name="test2" classname="com.app.service.user.ActivateTest" time="0.003"/>
  <testcase name="test3" classname="com.app.service.user.ActivateTest" time="0.002"/>
  <testcase name="test4" classname="com.app.service.user.ActivateTest" time="0.124"/>
</testsuite>